setting 'ivy.default.settings.dir' to 'jar:file:/usr/local/bin/sbt-launcher.jar!/org/apache/ivy/core/settings'
setting 'ivy.basedir' to '/Users/phils/idea_project/.'
setting 'ivy.default.conf.dir' to 'jar:file:/usr/local/bin/sbt-launcher.jar!/org/apache/ivy/core/settings'
impossible to define new type: class not found: org.apache.ivy.plugins.version.PatternVersionMatcher in [] nor Ivy classloader
impossible to define new type: class not found: org.apache.ivy.plugins.trigger.LogTrigger in [] nor Ivy classloader
impossible to define new type: class not found: org.apache.ivy.plugins.resolver.VsftpResolver in [] nor Ivy classloader
impossible to define new type: class not found: org.apache.ivy.plugins.conflict.RegexpConflictManager in [] nor Ivy classloader
impossible to define new type: class not found: org.apache.ivy.plugins.resolver.SshResolver in [] nor Ivy classloader
impossible to define new type: class not found: org.apache.ivy.plugins.resolver.VfsResolver in [] nor Ivy classloader
impossible to define new type: class not found: org.apache.ivy.plugins.signer.bouncycastle.OpenPGPSignatureGenerator in [] nor Ivy classloader
impossible to define new type: class not found: org.apache.ivy.plugins.resolver.SFTPResolver in [] nor Ivy classloader
impossible to define new type: class not found: org.apache.ivy.plugins.resolver.packager.PackagerResolver in [] nor Ivy classloader
impossible to define new type: class not found: org.apache.ivy.ant.AntCallTrigger in [] nor Ivy classloader
impossible to define new type: class not found: org.apache.ivy.plugins.resolver.IvyRepResolver in [] nor Ivy classloader
impossible to define new type: class not found: org.apache.ivy.ant.AntBuildTrigger in [] nor Ivy classloader
impossible to define glob matcher: org.apache.ivy.plugins.matcher.GlobPatternMatcher was not found.
setting 'java.runtime.name' to 'Java(TM) SE Runtime Environment'
setting 'sun.boot.library.path' to '/System/Library/Java/JavaVirtualMachines/1.6.0.jdk/Contents/Libraries'
setting 'java.vm.version' to '20.8-b03-424'
setting 'awt.nativeDoubleBuffering' to 'true'
setting 'gopherProxySet' to 'false'
setting 'mrj.build' to '10M3720'
setting 'java.vm.vendor' to 'Apple Inc.'
setting 'java.vendor.url' to 'http://www.apple.com/'
setting 'path.separator' to ':'
setting 'java.vm.name' to 'Java HotSpot(TM) 64-Bit Server VM'
setting 'file.encoding.pkg' to 'sun.io'
setting 'sun.java.launcher' to 'SUN_STANDARD'
setting 'user.country' to 'US'
setting 'sun.os.patch.level' to 'unknown'
setting 'java.vm.specification.name' to 'Java Virtual Machine Specification'
setting 'user.dir' to '/Users/phils/idea_project'
setting 'java.runtime.version' to '1.6.0_33-b03-424-10M3720'
setting 'java.awt.graphicsenv' to 'apple.awt.CGraphicsEnvironment'
setting 'java.endorsed.dirs' to '/System/Library/Java/JavaVirtualMachines/1.6.0.jdk/Contents/Home/lib/endorsed'
setting 'os.arch' to 'x86_64'
setting 'java.io.tmpdir' to '/var/folders/Yd/YdXKDqbfEoSVE2SxzldnUk+++TI/-Tmp-/'
setting 'line.separator' to '
'
setting 'java.vm.specification.vendor' to 'Sun Microsystems Inc.'
setting 'os.name' to 'Mac OS X'
setting 'sun.jnu.encoding' to 'MacRoman'
setting 'java.library.path' to '.:/Library/Java/Extensions:/System/Library/Java/Extensions:/usr/lib/java'
setting 'java.specification.name' to 'Java Platform API Specification'
setting 'java.class.version' to '50.0'
setting 'sun.management.compiler' to 'HotSpot 64-Bit Tiered Compilers'
setting 'os.version' to '10.6.8'
setting 'http.nonProxyHosts' to 'local|*.local|169.254/16|*.169.254/16'
setting 'user.home' to '/Users/phils'
setting 'user.timezone' to 'America/Chicago'
setting 'java.awt.printerjob' to 'apple.awt.CPrinterJob'
setting 'file.encoding' to 'MacRoman'
setting 'java.specification.version' to '1.6'
setting 'java.class.path' to '/usr/local/bin/sbt-launcher.jar'
setting 'user.name' to 'phils'
setting 'java.vm.specification.version' to '1.0'
setting 'sun.java.command' to '/usr/local/bin/sbt-launcher.jar'
setting 'java.home' to '/System/Library/Java/JavaVirtualMachines/1.6.0.jdk/Contents/Home'
setting 'sun.arch.data.model' to '64'
setting 'user.language' to 'en'
setting 'java.specification.vendor' to 'Sun Microsystems Inc.'
setting 'awt.toolkit' to 'apple.awt.CToolkit'
setting 'java.vm.info' to 'mixed mode'
setting 'java.version' to '1.6.0_33'
setting 'java.ext.dirs' to '/Library/Java/Extensions:/System/Library/Java/Extensions:/System/Library/Java/JavaVirtualMachines/1.6.0.jdk/Contents/Home/lib/ext'
setting 'sun.boot.class.path' to '/System/Library/Java/JavaVirtualMachines/1.6.0.jdk/Contents/Classes/jsfd.jar:/System/Library/Java/JavaVirtualMachines/1.6.0.jdk/Contents/Classes/classes.jar:/System/Library/Frameworks/JavaVM.framework/Frameworks/JavaRuntimeSupport.framework/Resources/Java/JavaRuntimeSupport.jar:/System/Library/Java/JavaVirtualMachines/1.6.0.jdk/Contents/Classes/ui.jar:/System/Library/Java/JavaVirtualMachines/1.6.0.jdk/Contents/Classes/laf.jar:/System/Library/Java/JavaVirtualMachines/1.6.0.jdk/Contents/Classes/sunrsasign.jar:/System/Library/Java/JavaVirtualMachines/1.6.0.jdk/Contents/Classes/jsse.jar:/System/Library/Java/JavaVirtualMachines/1.6.0.jdk/Contents/Classes/jce.jar:/System/Library/Java/JavaVirtualMachines/1.6.0.jdk/Contents/Classes/charsets.jar'
setting 'java.vendor' to 'Apple Inc.'
setting 'file.separator' to '/'
setting 'java.vendor.url.bug' to 'http://bugreport.apple.com/'
setting 'sun.io.unicode.encoding' to 'UnicodeLittle'
setting 'sun.cpu.endian' to 'little'
setting 'mrj.version' to '1060.1.6.0_33-424'
setting 'socksNonProxyHosts' to 'local|*.local|169.254/16|*.169.254/16'
setting 'ftp.nonProxyHosts' to 'local|*.local|169.254/16|*.169.254/16'
setting 'sun.cpu.isalist' to ''
setting 'ivy.default.ivy.user.dir' to '/Users/phils/.ivy2'
setting 'ivy.home' to '/Users/phils/.ivy2'
no default ivy user dir defined: set to /Users/phils/.ivy2
setting 'ivy.cache.dir' to '/Users/phils/.ivy2/cache'
no default cache defined: set to /Users/phils/.ivy2/cache
setting 'ivy.basedir' to '/Users/phils/idea_project/project/boot'
setting 'basedir' to '/Users/phils/idea_project/project/boot'
setting 'scala' to '2.9.2'
:: resolving dependencies :: org.scala-tools.sbt#boot-scala;1.0
	confs: [default]
	validate = true
	refresh = false
resolving dependencies for configuration 'default'
== resolving dependencies for org.scala-tools.sbt#boot-scala;1.0 [default]
loadData of org.scala-tools.sbt#boot-scala;1.0 of rootConf=default
== resolving dependencies org.scala-tools.sbt#boot-scala;1.0->org.scala-lang#scala-compiler;2.9.2 [default->default]
loadData of org.scala-lang#scala-compiler;2.9.2 of rootConf=default
	using redefined-public to resolve org.scala-lang#scala-compiler;2.9.2
redefined-public: Checking cache for: dependency: org.scala-lang#scala-compiler;2.9.2 {default=[default, optional(default)]}
redefined-public: no namespace defined: using system
	no ivy file in cache for org.scala-lang#scala-compiler;2.9.2: tried /Users/phils/.ivy2/cache/org.scala-lang/scala-compiler/ivy-2.9.2.xml
redefined-public: no latest strategy defined: using default
local: no namespace defined: using system
	no ivy file in cache for org.scala-lang#scala-compiler;2.9.2: tried /Users/phils/.ivy2/cache/org.scala-lang/scala-compiler/ivy-2.9.2.xml
	 trying /Users/phils/.ivy2/local/org.scala-lang/scala-compiler/2.9.2/ivys/ivy.xml
		tried /Users/phils/.ivy2/local/org.scala-lang/scala-compiler/2.9.2/ivys/ivy.xml
	local: resource not reachable for org.scala-lang#scala-compiler;2.9.2: res=/Users/phils/.ivy2/local/org.scala-lang/scala-compiler/2.9.2/ivys/ivy.xml
	 trying /Users/phils/.ivy2/local/org.scala-lang/scala-compiler/2.9.2/jars/scala-compiler.jar
		tried /Users/phils/.ivy2/local/org.scala-lang/scala-compiler/2.9.2/jars/scala-compiler.jar
	local: resource not reachable for org.scala-lang#scala-compiler;2.9.2: res=/Users/phils/.ivy2/local/org.scala-lang/scala-compiler/2.9.2/jars/scala-compiler.jar
	local: no ivy file nor artifact found for org.scala-lang#scala-compiler;2.9.2
Maven2 Local: no namespace defined: using system
	no ivy file in cache for org.scala-lang#scala-compiler;2.9.2: tried /Users/phils/.ivy2/cache/org.scala-lang/scala-compiler/ivy-2.9.2.xml
	 trying file:///Users/phils/.m2/repository/org/scala-lang/scala-compiler/2.9.2/scala-compiler-2.9.2.pom
		tried file:///Users/phils/.m2/repository/org/scala-lang/scala-compiler/2.9.2/scala-compiler-2.9.2.pom
	Maven2 Local: resource not reachable for org/scala-lang#scala-compiler;2.9.2: res=file:/Users/phils/.m2/repository/org/scala-lang/scala-compiler/2.9.2/scala-compiler-2.9.2.pom
	 trying file:///Users/phils/.m2/repository/org/scala-lang/scala-compiler/2.9.2/scala-compiler-2.9.2.jar
		tried file:///Users/phils/.m2/repository/org/scala-lang/scala-compiler/2.9.2/scala-compiler-2.9.2.jar
	Maven2 Local: resource not reachable for org/scala-lang#scala-compiler;2.9.2: res=file:/Users/phils/.m2/repository/org/scala-lang/scala-compiler/2.9.2/scala-compiler-2.9.2.jar
	Maven2 Local: no ivy file nor artifact found for org.scala-lang#scala-compiler;2.9.2
sbt-db: no namespace defined: using system
	no ivy file in cache for org.scala-lang#scala-compiler;2.9.2: tried /Users/phils/.ivy2/cache/org.scala-lang/scala-compiler/ivy-2.9.2.xml
	 trying http://databinder.net/repo/org.scala-lang/scala-compiler/2.9.2/ivys/ivy.xml
		tried http://databinder.net/repo/org.scala-lang/scala-compiler/2.9.2/ivys/ivy.xml
HTTP response status: 404 url=http://databinder.net/repo/org.scala-lang/scala-compiler/2.9.2/ivys/ivy.xml
CLIENT ERROR: Not Found url=http://databinder.net/repo/org.scala-lang/scala-compiler/2.9.2/ivys/ivy.xml
	sbt-db: resource not reachable for org.scala-lang#scala-compiler;2.9.2: res=http://databinder.net/repo/org.scala-lang/scala-compiler/2.9.2/ivys/ivy.xml
	 trying http://databinder.net/repo/org.scala-lang/scala-compiler/2.9.2/jars/scala-compiler.jar
		tried http://databinder.net/repo/org.scala-lang/scala-compiler/2.9.2/jars/scala-compiler.jar
HTTP response status: 404 url=http://databinder.net/repo/org.scala-lang/scala-compiler/2.9.2/jars/scala-compiler.jar
CLIENT ERROR: Not Found url=http://databinder.net/repo/org.scala-lang/scala-compiler/2.9.2/jars/scala-compiler.jar
	sbt-db: resource not reachable for org.scala-lang#scala-compiler;2.9.2: res=http://databinder.net/repo/org.scala-lang/scala-compiler/2.9.2/jars/scala-compiler.jar
	sbt-db: no ivy file nor artifact found for org.scala-lang#scala-compiler;2.9.2
Maven Central: no namespace defined: using system
	no ivy file in cache for org.scala-lang#scala-compiler;2.9.2: tried /Users/phils/.ivy2/cache/org.scala-lang/scala-compiler/ivy-2.9.2.xml
	 trying http://repo1.maven.org/maven2/org/scala-lang/scala-compiler/2.9.2/scala-compiler-2.9.2.pom
		tried http://repo1.maven.org/maven2/org/scala-lang/scala-compiler/2.9.2/scala-compiler-2.9.2.pom
	Maven Central: found md file for org.scala-lang#scala-compiler;2.9.2
		=> http://repo1.maven.org/maven2/org/scala-lang/scala-compiler/2.9.2/scala-compiler-2.9.2.pom (2.9.2)
	parser = pom parser
	no ivy file in cache for org.scala-lang#scala-compiler;2.9.2: tried /Users/phils/.ivy2/cache/org.scala-lang/scala-compiler/ivy-2.9.2.xml
downloading http://repo1.maven.org/maven2/org/scala-lang/scala-compiler/2.9.2/scala-compiler-2.9.2.pom ...
	Maven Central: downloading http://repo1.maven.org/maven2/org/scala-lang/scala-compiler/2.9.2/scala-compiler-2.9.2.pom
		to /Users/phils/.ivy2/cache/org.scala-lang/scala-compiler/ivy-2.9.2.xml.original.part
	[SUCCESSFUL ] org.scala-lang#scala-compiler;2.9.2!scala-compiler.pom(pom.original) (30ms)
	 trying /Users/phils/.ivy2/local/org.scala-lang/scala-compiler/2.9.2/jars/scala-compiler.jar
		tried /Users/phils/.ivy2/local/org.scala-lang/scala-compiler/2.9.2/jars/scala-compiler.jar
	local: resource not reachable for org.scala-lang#scala-compiler;2.9.2: res=/Users/phils/.ivy2/local/org.scala-lang/scala-compiler/2.9.2/jars/scala-compiler.jar
	 trying file:///Users/phils/.m2/repository/org/scala-lang/scala-compiler/2.9.2/scala-compiler-2.9.2.jar
		tried file:///Users/phils/.m2/repository/org/scala-lang/scala-compiler/2.9.2/scala-compiler-2.9.2.jar
	Maven2 Local: resource not reachable for org/scala-lang#scala-compiler;2.9.2: res=file:/Users/phils/.m2/repository/org/scala-lang/scala-compiler/2.9.2/scala-compiler-2.9.2.jar
	 trying http://databinder.net/repo/org.scala-lang/scala-compiler/2.9.2/jars/scala-compiler.jar
		tried http://databinder.net/repo/org.scala-lang/scala-compiler/2.9.2/jars/scala-compiler.jar
	sbt-db: resource not reachable for org.scala-lang#scala-compiler;2.9.2: res=http://databinder.net/repo/org.scala-lang/scala-compiler/2.9.2/jars/scala-compiler.jar
	 trying http://repo1.maven.org/maven2/org/scala-lang/scala-compiler/2.9.2/scala-compiler-2.9.2.jar
		tried http://repo1.maven.org/maven2/org/scala-lang/scala-compiler/2.9.2/scala-compiler-2.9.2.jar
	 trying /Users/phils/.ivy2/local/org.scala-lang/scala-compiler/2.9.2/sources/scala-compiler-sources.jar
		tried /Users/phils/.ivy2/local/org.scala-lang/scala-compiler/2.9.2/sources/scala-compiler-sources.jar
	local: resource not reachable for org.scala-lang#scala-compiler;2.9.2: res=/Users/phils/.ivy2/local/org.scala-lang/scala-compiler/2.9.2/sources/scala-compiler-sources.jar
	 trying file:///Users/phils/.m2/repository/org/scala-lang/scala-compiler/2.9.2/scala-compiler-2.9.2-sources.jar
		tried file:///Users/phils/.m2/repository/org/scala-lang/scala-compiler/2.9.2/scala-compiler-2.9.2-sources.jar
	Maven2 Local: resource not reachable for org/scala-lang#scala-compiler;2.9.2: res=file:/Users/phils/.m2/repository/org/scala-lang/scala-compiler/2.9.2/scala-compiler-2.9.2-sources.jar
	 trying http://databinder.net/repo/org.scala-lang/scala-compiler/2.9.2/sources/scala-compiler-sources.jar
		tried http://databinder.net/repo/org.scala-lang/scala-compiler/2.9.2/sources/scala-compiler-sources.jar
HTTP response status: 404 url=http://databinder.net/repo/org.scala-lang/scala-compiler/2.9.2/sources/scala-compiler-sources.jar
CLIENT ERROR: Not Found url=http://databinder.net/repo/org.scala-lang/scala-compiler/2.9.2/sources/scala-compiler-sources.jar
	sbt-db: resource not reachable for org.scala-lang#scala-compiler;2.9.2: res=http://databinder.net/repo/org.scala-lang/scala-compiler/2.9.2/sources/scala-compiler-sources.jar
	 trying http://repo1.maven.org/maven2/org/scala-lang/scala-compiler/2.9.2/scala-compiler-2.9.2-sources.jar
		tried http://repo1.maven.org/maven2/org/scala-lang/scala-compiler/2.9.2/scala-compiler-2.9.2-sources.jar
source artifact found for org.scala-lang#scala-compiler;2.9.2
	 trying /Users/phils/.ivy2/local/org.scala-lang/scala-compiler/2.9.2/javadocs/scala-compiler-javadoc.jar
		tried /Users/phils/.ivy2/local/org.scala-lang/scala-compiler/2.9.2/javadocs/scala-compiler-javadoc.jar
	local: resource not reachable for org.scala-lang#scala-compiler;2.9.2: res=/Users/phils/.ivy2/local/org.scala-lang/scala-compiler/2.9.2/javadocs/scala-compiler-javadoc.jar
	 trying file:///Users/phils/.m2/repository/org/scala-lang/scala-compiler/2.9.2/scala-compiler-2.9.2-javadoc.jar
		tried file:///Users/phils/.m2/repository/org/scala-lang/scala-compiler/2.9.2/scala-compiler-2.9.2-javadoc.jar
	Maven2 Local: resource not reachable for org/scala-lang#scala-compiler;2.9.2: res=file:/Users/phils/.m2/repository/org/scala-lang/scala-compiler/2.9.2/scala-compiler-2.9.2-javadoc.jar
	 trying http://databinder.net/repo/org.scala-lang/scala-compiler/2.9.2/javadocs/scala-compiler-javadoc.jar
		tried http://databinder.net/repo/org.scala-lang/scala-compiler/2.9.2/javadocs/scala-compiler-javadoc.jar
HTTP response status: 404 url=http://databinder.net/repo/org.scala-lang/scala-compiler/2.9.2/javadocs/scala-compiler-javadoc.jar
CLIENT ERROR: Not Found url=http://databinder.net/repo/org.scala-lang/scala-compiler/2.9.2/javadocs/scala-compiler-javadoc.jar
	sbt-db: resource not reachable for org.scala-lang#scala-compiler;2.9.2: res=http://databinder.net/repo/org.scala-lang/scala-compiler/2.9.2/javadocs/scala-compiler-javadoc.jar
	 trying http://repo1.maven.org/maven2/org/scala-lang/scala-compiler/2.9.2/scala-compiler-2.9.2-javadoc.jar
		tried http://repo1.maven.org/maven2/org/scala-lang/scala-compiler/2.9.2/scala-compiler-2.9.2-javadoc.jar
javadoc artifact found for org.scala-lang#scala-compiler;2.9.2
	default-cache: parsed downloaded md file for org.scala-lang#scala-compiler;2.9.2; parsed=org.scala-lang#scala-compiler;2.9.2
	checking org.scala-lang#scala-compiler;2.9.2 from Maven Central against [none]
	module revision kept as first found: org.scala-lang#scala-compiler;2.9.2 from Maven Central
	found org.scala-lang#scala-compiler;2.9.2 in Maven Central
== resolving dependencies org.scala-tools.sbt#boot-scala;1.0->org.scala-lang#scala-compiler;2.9.2 [default->runtime]
loadData of org.scala-lang#scala-compiler;2.9.2 of rootConf=default
== resolving dependencies org.scala-tools.sbt#boot-scala;1.0->org.scala-lang#scala-compiler;2.9.2 [default->compile]
loadData of org.scala-lang#scala-compiler;2.9.2 of rootConf=default
== resolving dependencies org.scala-lang#scala-compiler;2.9.2->org.scala-lang#scala-library;2.9.2 [compile->master(*)]
loadData of org.scala-lang#scala-library;2.9.2 of rootConf=default
	using redefined-public to resolve org.scala-lang#scala-library;2.9.2
redefined-public: Checking cache for: dependency: org.scala-lang#scala-library;2.9.2 {compile=[compile(*), master(*)], runtime=[runtime(*)]}
	no ivy file in cache for org.scala-lang#scala-library;2.9.2: tried /Users/phils/.ivy2/cache/org.scala-lang/scala-library/ivy-2.9.2.xml
	no ivy file in cache for org.scala-lang#scala-library;2.9.2: tried /Users/phils/.ivy2/cache/org.scala-lang/scala-library/ivy-2.9.2.xml
	 trying /Users/phils/.ivy2/local/org.scala-lang/scala-library/2.9.2/ivys/ivy.xml
		tried /Users/phils/.ivy2/local/org.scala-lang/scala-library/2.9.2/ivys/ivy.xml
	local: resource not reachable for org.scala-lang#scala-library;2.9.2: res=/Users/phils/.ivy2/local/org.scala-lang/scala-library/2.9.2/ivys/ivy.xml
	 trying /Users/phils/.ivy2/local/org.scala-lang/scala-library/2.9.2/jars/scala-library.jar
		tried /Users/phils/.ivy2/local/org.scala-lang/scala-library/2.9.2/jars/scala-library.jar
	local: resource not reachable for org.scala-lang#scala-library;2.9.2: res=/Users/phils/.ivy2/local/org.scala-lang/scala-library/2.9.2/jars/scala-library.jar
	local: no ivy file nor artifact found for org.scala-lang#scala-library;2.9.2
	no ivy file in cache for org.scala-lang#scala-library;2.9.2: tried /Users/phils/.ivy2/cache/org.scala-lang/scala-library/ivy-2.9.2.xml
	 trying file:///Users/phils/.m2/repository/org/scala-lang/scala-library/2.9.2/scala-library-2.9.2.pom
		tried file:///Users/phils/.m2/repository/org/scala-lang/scala-library/2.9.2/scala-library-2.9.2.pom
	Maven2 Local: resource not reachable for org/scala-lang#scala-library;2.9.2: res=file:/Users/phils/.m2/repository/org/scala-lang/scala-library/2.9.2/scala-library-2.9.2.pom
	 trying file:///Users/phils/.m2/repository/org/scala-lang/scala-library/2.9.2/scala-library-2.9.2.jar
		tried file:///Users/phils/.m2/repository/org/scala-lang/scala-library/2.9.2/scala-library-2.9.2.jar
	Maven2 Local: resource not reachable for org/scala-lang#scala-library;2.9.2: res=file:/Users/phils/.m2/repository/org/scala-lang/scala-library/2.9.2/scala-library-2.9.2.jar
	Maven2 Local: no ivy file nor artifact found for org.scala-lang#scala-library;2.9.2
	no ivy file in cache for org.scala-lang#scala-library;2.9.2: tried /Users/phils/.ivy2/cache/org.scala-lang/scala-library/ivy-2.9.2.xml
	 trying http://databinder.net/repo/org.scala-lang/scala-library/2.9.2/ivys/ivy.xml
		tried http://databinder.net/repo/org.scala-lang/scala-library/2.9.2/ivys/ivy.xml
HTTP response status: 404 url=http://databinder.net/repo/org.scala-lang/scala-library/2.9.2/ivys/ivy.xml
CLIENT ERROR: Not Found url=http://databinder.net/repo/org.scala-lang/scala-library/2.9.2/ivys/ivy.xml
	sbt-db: resource not reachable for org.scala-lang#scala-library;2.9.2: res=http://databinder.net/repo/org.scala-lang/scala-library/2.9.2/ivys/ivy.xml
	 trying http://databinder.net/repo/org.scala-lang/scala-library/2.9.2/jars/scala-library.jar
		tried http://databinder.net/repo/org.scala-lang/scala-library/2.9.2/jars/scala-library.jar
HTTP response status: 404 url=http://databinder.net/repo/org.scala-lang/scala-library/2.9.2/jars/scala-library.jar
CLIENT ERROR: Not Found url=http://databinder.net/repo/org.scala-lang/scala-library/2.9.2/jars/scala-library.jar
	sbt-db: resource not reachable for org.scala-lang#scala-library;2.9.2: res=http://databinder.net/repo/org.scala-lang/scala-library/2.9.2/jars/scala-library.jar
	sbt-db: no ivy file nor artifact found for org.scala-lang#scala-library;2.9.2
	no ivy file in cache for org.scala-lang#scala-library;2.9.2: tried /Users/phils/.ivy2/cache/org.scala-lang/scala-library/ivy-2.9.2.xml
	 trying http://repo1.maven.org/maven2/org/scala-lang/scala-library/2.9.2/scala-library-2.9.2.pom
		tried http://repo1.maven.org/maven2/org/scala-lang/scala-library/2.9.2/scala-library-2.9.2.pom
	Maven Central: found md file for org.scala-lang#scala-library;2.9.2
		=> http://repo1.maven.org/maven2/org/scala-lang/scala-library/2.9.2/scala-library-2.9.2.pom (2.9.2)
	parser = pom parser
	no ivy file in cache for org.scala-lang#scala-library;2.9.2: tried /Users/phils/.ivy2/cache/org.scala-lang/scala-library/ivy-2.9.2.xml
downloading http://repo1.maven.org/maven2/org/scala-lang/scala-library/2.9.2/scala-library-2.9.2.pom ...
	Maven Central: downloading http://repo1.maven.org/maven2/org/scala-lang/scala-library/2.9.2/scala-library-2.9.2.pom
		to /Users/phils/.ivy2/cache/org.scala-lang/scala-library/ivy-2.9.2.xml.original.part
	[SUCCESSFUL ] org.scala-lang#scala-library;2.9.2!scala-library.pom(pom.original) (39ms)
	 trying /Users/phils/.ivy2/local/org.scala-lang/scala-library/2.9.2/jars/scala-library.jar
		tried /Users/phils/.ivy2/local/org.scala-lang/scala-library/2.9.2/jars/scala-library.jar
	local: resource not reachable for org.scala-lang#scala-library;2.9.2: res=/Users/phils/.ivy2/local/org.scala-lang/scala-library/2.9.2/jars/scala-library.jar
	 trying file:///Users/phils/.m2/repository/org/scala-lang/scala-library/2.9.2/scala-library-2.9.2.jar
		tried file:///Users/phils/.m2/repository/org/scala-lang/scala-library/2.9.2/scala-library-2.9.2.jar
	Maven2 Local: resource not reachable for org/scala-lang#scala-library;2.9.2: res=file:/Users/phils/.m2/repository/org/scala-lang/scala-library/2.9.2/scala-library-2.9.2.jar
	 trying http://databinder.net/repo/org.scala-lang/scala-library/2.9.2/jars/scala-library.jar
		tried http://databinder.net/repo/org.scala-lang/scala-library/2.9.2/jars/scala-library.jar
	sbt-db: resource not reachable for org.scala-lang#scala-library;2.9.2: res=http://databinder.net/repo/org.scala-lang/scala-library/2.9.2/jars/scala-library.jar
	 trying http://repo1.maven.org/maven2/org/scala-lang/scala-library/2.9.2/scala-library-2.9.2.jar
		tried http://repo1.maven.org/maven2/org/scala-lang/scala-library/2.9.2/scala-library-2.9.2.jar
	 trying /Users/phils/.ivy2/local/org.scala-lang/scala-library/2.9.2/sources/scala-library-sources.jar
		tried /Users/phils/.ivy2/local/org.scala-lang/scala-library/2.9.2/sources/scala-library-sources.jar
	local: resource not reachable for org.scala-lang#scala-library;2.9.2: res=/Users/phils/.ivy2/local/org.scala-lang/scala-library/2.9.2/sources/scala-library-sources.jar
	 trying file:///Users/phils/.m2/repository/org/scala-lang/scala-library/2.9.2/scala-library-2.9.2-sources.jar
		tried file:///Users/phils/.m2/repository/org/scala-lang/scala-library/2.9.2/scala-library-2.9.2-sources.jar
	Maven2 Local: resource not reachable for org/scala-lang#scala-library;2.9.2: res=file:/Users/phils/.m2/repository/org/scala-lang/scala-library/2.9.2/scala-library-2.9.2-sources.jar
	 trying http://databinder.net/repo/org.scala-lang/scala-library/2.9.2/sources/scala-library-sources.jar
		tried http://databinder.net/repo/org.scala-lang/scala-library/2.9.2/sources/scala-library-sources.jar
HTTP response status: 404 url=http://databinder.net/repo/org.scala-lang/scala-library/2.9.2/sources/scala-library-sources.jar
CLIENT ERROR: Not Found url=http://databinder.net/repo/org.scala-lang/scala-library/2.9.2/sources/scala-library-sources.jar
	sbt-db: resource not reachable for org.scala-lang#scala-library;2.9.2: res=http://databinder.net/repo/org.scala-lang/scala-library/2.9.2/sources/scala-library-sources.jar
	 trying http://repo1.maven.org/maven2/org/scala-lang/scala-library/2.9.2/scala-library-2.9.2-sources.jar
		tried http://repo1.maven.org/maven2/org/scala-lang/scala-library/2.9.2/scala-library-2.9.2-sources.jar
source artifact found for org.scala-lang#scala-library;2.9.2
	 trying /Users/phils/.ivy2/local/org.scala-lang/scala-library/2.9.2/javadocs/scala-library-javadoc.jar
		tried /Users/phils/.ivy2/local/org.scala-lang/scala-library/2.9.2/javadocs/scala-library-javadoc.jar
	local: resource not reachable for org.scala-lang#scala-library;2.9.2: res=/Users/phils/.ivy2/local/org.scala-lang/scala-library/2.9.2/javadocs/scala-library-javadoc.jar
	 trying file:///Users/phils/.m2/repository/org/scala-lang/scala-library/2.9.2/scala-library-2.9.2-javadoc.jar
		tried file:///Users/phils/.m2/repository/org/scala-lang/scala-library/2.9.2/scala-library-2.9.2-javadoc.jar
	Maven2 Local: resource not reachable for org/scala-lang#scala-library;2.9.2: res=file:/Users/phils/.m2/repository/org/scala-lang/scala-library/2.9.2/scala-library-2.9.2-javadoc.jar
	 trying http://databinder.net/repo/org.scala-lang/scala-library/2.9.2/javadocs/scala-library-javadoc.jar
		tried http://databinder.net/repo/org.scala-lang/scala-library/2.9.2/javadocs/scala-library-javadoc.jar
HTTP response status: 404 url=http://databinder.net/repo/org.scala-lang/scala-library/2.9.2/javadocs/scala-library-javadoc.jar
CLIENT ERROR: Not Found url=http://databinder.net/repo/org.scala-lang/scala-library/2.9.2/javadocs/scala-library-javadoc.jar
	sbt-db: resource not reachable for org.scala-lang#scala-library;2.9.2: res=http://databinder.net/repo/org.scala-lang/scala-library/2.9.2/javadocs/scala-library-javadoc.jar
	 trying http://repo1.maven.org/maven2/org/scala-lang/scala-library/2.9.2/scala-library-2.9.2-javadoc.jar
		tried http://repo1.maven.org/maven2/org/scala-lang/scala-library/2.9.2/scala-library-2.9.2-javadoc.jar
javadoc artifact found for org.scala-lang#scala-library;2.9.2
	default-cache: parsed downloaded md file for org.scala-lang#scala-library;2.9.2; parsed=org.scala-lang#scala-library;2.9.2
	checking org.scala-lang#scala-library;2.9.2 from Maven Central against [none]
	module revision kept as first found: org.scala-lang#scala-library;2.9.2 from Maven Central
	found org.scala-lang#scala-library;2.9.2 in Maven Central
== resolving dependencies org.scala-lang#scala-compiler;2.9.2->org.scala-lang#scala-library;2.9.2 [compile->compile(*)]
loadData of org.scala-lang#scala-library;2.9.2 of rootConf=default
== resolving dependencies org.scala-lang#scala-compiler;2.9.2->org.scala-lang#scala-library;2.9.2 [compile->default]
loadData of org.scala-lang#scala-library;2.9.2 of rootConf=default
== resolving dependencies org.scala-lang#scala-compiler;2.9.2->org.scala-lang#scala-library;2.9.2 [compile->runtime]
loadData of org.scala-lang#scala-library;2.9.2 of rootConf=default
== resolving dependencies org.scala-lang#scala-compiler;2.9.2->org.scala-lang#scala-library;2.9.2 [compile->compile]
loadData of org.scala-lang#scala-library;2.9.2 of rootConf=default
== resolving dependencies org.scala-lang#scala-compiler;2.9.2->org.scala-lang#scala-library;2.9.2 [compile->master]
loadData of org.scala-lang#scala-library;2.9.2 of rootConf=default
== resolving dependencies org.scala-lang#scala-compiler;2.9.2->org.scala-lang#scala-library;2.9.2 [runtime->runtime(*)]
loadData of org.scala-lang#scala-library;2.9.2 of rootConf=default
== resolving dependencies org.scala-lang#scala-compiler;2.9.2->org.scala-lang#scala-library;2.9.2 [runtime->compile]
loadData of org.scala-lang#scala-library;2.9.2 of rootConf=default
default is loaded and no conf to load.  Skip loading
== resolving dependencies org.scala-tools.sbt#boot-scala;1.0->org.scala-lang#scala-compiler;2.9.2 [default->master]
loadData of org.scala-lang#scala-compiler;2.9.2 of rootConf=default
== resolving dependencies org.scala-tools.sbt#boot-scala;1.0->org.scala-lang#scala-compiler;2.9.2 [default->optional(default)]
loadData of org.scala-lang#scala-compiler;2.9.2 of rootConf=default
== resolving dependencies org.scala-lang#scala-compiler;2.9.2->org.scala-lang#jline;2.9.2 [optional->master(*)]
loadData of org.scala-lang#jline;2.9.2 of rootConf=default
	using redefined-public to resolve org.scala-lang#jline;2.9.2
redefined-public: Checking cache for: dependency: org.scala-lang#jline;2.9.2 {optional=[compile(*), master(*)]}
	no ivy file in cache for org.scala-lang#jline;2.9.2: tried /Users/phils/.ivy2/cache/org.scala-lang/jline/ivy-2.9.2.xml
	no ivy file in cache for org.scala-lang#jline;2.9.2: tried /Users/phils/.ivy2/cache/org.scala-lang/jline/ivy-2.9.2.xml
	 trying /Users/phils/.ivy2/local/org.scala-lang/jline/2.9.2/ivys/ivy.xml
		tried /Users/phils/.ivy2/local/org.scala-lang/jline/2.9.2/ivys/ivy.xml
	local: resource not reachable for org.scala-lang#jline;2.9.2: res=/Users/phils/.ivy2/local/org.scala-lang/jline/2.9.2/ivys/ivy.xml
	 trying /Users/phils/.ivy2/local/org.scala-lang/jline/2.9.2/jars/jline.jar
		tried /Users/phils/.ivy2/local/org.scala-lang/jline/2.9.2/jars/jline.jar
	local: resource not reachable for org.scala-lang#jline;2.9.2: res=/Users/phils/.ivy2/local/org.scala-lang/jline/2.9.2/jars/jline.jar
	local: no ivy file nor artifact found for org.scala-lang#jline;2.9.2
	no ivy file in cache for org.scala-lang#jline;2.9.2: tried /Users/phils/.ivy2/cache/org.scala-lang/jline/ivy-2.9.2.xml
	 trying file:///Users/phils/.m2/repository/org/scala-lang/jline/2.9.2/jline-2.9.2.pom
		tried file:///Users/phils/.m2/repository/org/scala-lang/jline/2.9.2/jline-2.9.2.pom
	Maven2 Local: resource not reachable for org/scala-lang#jline;2.9.2: res=file:/Users/phils/.m2/repository/org/scala-lang/jline/2.9.2/jline-2.9.2.pom
	 trying file:///Users/phils/.m2/repository/org/scala-lang/jline/2.9.2/jline-2.9.2.jar
		tried file:///Users/phils/.m2/repository/org/scala-lang/jline/2.9.2/jline-2.9.2.jar
	Maven2 Local: resource not reachable for org/scala-lang#jline;2.9.2: res=file:/Users/phils/.m2/repository/org/scala-lang/jline/2.9.2/jline-2.9.2.jar
	Maven2 Local: no ivy file nor artifact found for org.scala-lang#jline;2.9.2
	no ivy file in cache for org.scala-lang#jline;2.9.2: tried /Users/phils/.ivy2/cache/org.scala-lang/jline/ivy-2.9.2.xml
	 trying http://databinder.net/repo/org.scala-lang/jline/2.9.2/ivys/ivy.xml
		tried http://databinder.net/repo/org.scala-lang/jline/2.9.2/ivys/ivy.xml
HTTP response status: 404 url=http://databinder.net/repo/org.scala-lang/jline/2.9.2/ivys/ivy.xml
CLIENT ERROR: Not Found url=http://databinder.net/repo/org.scala-lang/jline/2.9.2/ivys/ivy.xml
	sbt-db: resource not reachable for org.scala-lang#jline;2.9.2: res=http://databinder.net/repo/org.scala-lang/jline/2.9.2/ivys/ivy.xml
	 trying http://databinder.net/repo/org.scala-lang/jline/2.9.2/jars/jline.jar
		tried http://databinder.net/repo/org.scala-lang/jline/2.9.2/jars/jline.jar
HTTP response status: 404 url=http://databinder.net/repo/org.scala-lang/jline/2.9.2/jars/jline.jar
CLIENT ERROR: Not Found url=http://databinder.net/repo/org.scala-lang/jline/2.9.2/jars/jline.jar
	sbt-db: resource not reachable for org.scala-lang#jline;2.9.2: res=http://databinder.net/repo/org.scala-lang/jline/2.9.2/jars/jline.jar
	sbt-db: no ivy file nor artifact found for org.scala-lang#jline;2.9.2
	no ivy file in cache for org.scala-lang#jline;2.9.2: tried /Users/phils/.ivy2/cache/org.scala-lang/jline/ivy-2.9.2.xml
	 trying http://repo1.maven.org/maven2/org/scala-lang/jline/2.9.2/jline-2.9.2.pom
		tried http://repo1.maven.org/maven2/org/scala-lang/jline/2.9.2/jline-2.9.2.pom
	Maven Central: found md file for org.scala-lang#jline;2.9.2
		=> http://repo1.maven.org/maven2/org/scala-lang/jline/2.9.2/jline-2.9.2.pom (2.9.2)
	parser = pom parser
	no ivy file in cache for org.scala-lang#jline;2.9.2: tried /Users/phils/.ivy2/cache/org.scala-lang/jline/ivy-2.9.2.xml
downloading http://repo1.maven.org/maven2/org/scala-lang/jline/2.9.2/jline-2.9.2.pom ...
	Maven Central: downloading http://repo1.maven.org/maven2/org/scala-lang/jline/2.9.2/jline-2.9.2.pom
		to /Users/phils/.ivy2/cache/org.scala-lang/jline/ivy-2.9.2.xml.original.part
	[SUCCESSFUL ] org.scala-lang#jline;2.9.2!jline.pom(pom.original) (44ms)
	 trying /Users/phils/.ivy2/local/org.scala-lang/jline/2.9.2/jars/jline.jar
		tried /Users/phils/.ivy2/local/org.scala-lang/jline/2.9.2/jars/jline.jar
	local: resource not reachable for org.scala-lang#jline;2.9.2: res=/Users/phils/.ivy2/local/org.scala-lang/jline/2.9.2/jars/jline.jar
	 trying file:///Users/phils/.m2/repository/org/scala-lang/jline/2.9.2/jline-2.9.2.jar
		tried file:///Users/phils/.m2/repository/org/scala-lang/jline/2.9.2/jline-2.9.2.jar
	Maven2 Local: resource not reachable for org/scala-lang#jline;2.9.2: res=file:/Users/phils/.m2/repository/org/scala-lang/jline/2.9.2/jline-2.9.2.jar
	 trying http://databinder.net/repo/org.scala-lang/jline/2.9.2/jars/jline.jar
		tried http://databinder.net/repo/org.scala-lang/jline/2.9.2/jars/jline.jar
	sbt-db: resource not reachable for org.scala-lang#jline;2.9.2: res=http://databinder.net/repo/org.scala-lang/jline/2.9.2/jars/jline.jar
	 trying http://repo1.maven.org/maven2/org/scala-lang/jline/2.9.2/jline-2.9.2.jar
		tried http://repo1.maven.org/maven2/org/scala-lang/jline/2.9.2/jline-2.9.2.jar
	 trying /Users/phils/.ivy2/local/org.scala-lang/jline/2.9.2/sources/jline-sources.jar
		tried /Users/phils/.ivy2/local/org.scala-lang/jline/2.9.2/sources/jline-sources.jar
	local: resource not reachable for org.scala-lang#jline;2.9.2: res=/Users/phils/.ivy2/local/org.scala-lang/jline/2.9.2/sources/jline-sources.jar
	 trying file:///Users/phils/.m2/repository/org/scala-lang/jline/2.9.2/jline-2.9.2-sources.jar
		tried file:///Users/phils/.m2/repository/org/scala-lang/jline/2.9.2/jline-2.9.2-sources.jar
	Maven2 Local: resource not reachable for org/scala-lang#jline;2.9.2: res=file:/Users/phils/.m2/repository/org/scala-lang/jline/2.9.2/jline-2.9.2-sources.jar
	 trying http://databinder.net/repo/org.scala-lang/jline/2.9.2/sources/jline-sources.jar
		tried http://databinder.net/repo/org.scala-lang/jline/2.9.2/sources/jline-sources.jar
HTTP response status: 404 url=http://databinder.net/repo/org.scala-lang/jline/2.9.2/sources/jline-sources.jar
CLIENT ERROR: Not Found url=http://databinder.net/repo/org.scala-lang/jline/2.9.2/sources/jline-sources.jar
	sbt-db: resource not reachable for org.scala-lang#jline;2.9.2: res=http://databinder.net/repo/org.scala-lang/jline/2.9.2/sources/jline-sources.jar
	 trying http://repo1.maven.org/maven2/org/scala-lang/jline/2.9.2/jline-2.9.2-sources.jar
		tried http://repo1.maven.org/maven2/org/scala-lang/jline/2.9.2/jline-2.9.2-sources.jar
source artifact found for org.scala-lang#jline;2.9.2
	 trying /Users/phils/.ivy2/local/org.scala-lang/jline/2.9.2/javadocs/jline-javadoc.jar
		tried /Users/phils/.ivy2/local/org.scala-lang/jline/2.9.2/javadocs/jline-javadoc.jar
	local: resource not reachable for org.scala-lang#jline;2.9.2: res=/Users/phils/.ivy2/local/org.scala-lang/jline/2.9.2/javadocs/jline-javadoc.jar
	 trying file:///Users/phils/.m2/repository/org/scala-lang/jline/2.9.2/jline-2.9.2-javadoc.jar
		tried file:///Users/phils/.m2/repository/org/scala-lang/jline/2.9.2/jline-2.9.2-javadoc.jar
	Maven2 Local: resource not reachable for org/scala-lang#jline;2.9.2: res=file:/Users/phils/.m2/repository/org/scala-lang/jline/2.9.2/jline-2.9.2-javadoc.jar
	 trying http://databinder.net/repo/org.scala-lang/jline/2.9.2/javadocs/jline-javadoc.jar
		tried http://databinder.net/repo/org.scala-lang/jline/2.9.2/javadocs/jline-javadoc.jar
HTTP response status: 404 url=http://databinder.net/repo/org.scala-lang/jline/2.9.2/javadocs/jline-javadoc.jar
CLIENT ERROR: Not Found url=http://databinder.net/repo/org.scala-lang/jline/2.9.2/javadocs/jline-javadoc.jar
	sbt-db: resource not reachable for org.scala-lang#jline;2.9.2: res=http://databinder.net/repo/org.scala-lang/jline/2.9.2/javadocs/jline-javadoc.jar
	 trying http://repo1.maven.org/maven2/org/scala-lang/jline/2.9.2/jline-2.9.2-javadoc.jar
		tried http://repo1.maven.org/maven2/org/scala-lang/jline/2.9.2/jline-2.9.2-javadoc.jar
javadoc artifact found for org.scala-lang#jline;2.9.2
	default-cache: parsed downloaded md file for org.scala-lang#jline;2.9.2; parsed=org.scala-lang#jline;2.9.2
	checking org.scala-lang#jline;2.9.2 from Maven Central against [none]
	module revision kept as first found: org.scala-lang#jline;2.9.2 from Maven Central
	found org.scala-lang#jline;2.9.2 in Maven Central
== resolving dependencies org.scala-lang#scala-compiler;2.9.2->org.scala-lang#jline;2.9.2 [optional->compile(*)]
loadData of org.scala-lang#jline;2.9.2 of rootConf=default
== resolving dependencies org.scala-lang#jline;2.9.2->org.fusesource.jansi#jansi;1.4 [compile->master(*)]
loadData of org.fusesource.jansi#jansi;1.4 of rootConf=default
	using redefined-public to resolve org.fusesource.jansi#jansi;1.4
redefined-public: Checking cache for: dependency: org.fusesource.jansi#jansi;1.4 {compile=[compile(*), master(*)], runtime=[runtime(*)]}
	no ivy file in cache for org.fusesource.jansi#jansi;1.4: tried /Users/phils/.ivy2/cache/org.fusesource.jansi/jansi/ivy-1.4.xml
	no ivy file in cache for org.fusesource.jansi#jansi;1.4: tried /Users/phils/.ivy2/cache/org.fusesource.jansi/jansi/ivy-1.4.xml
	 trying /Users/phils/.ivy2/local/org.fusesource.jansi/jansi/1.4/ivys/ivy.xml
		tried /Users/phils/.ivy2/local/org.fusesource.jansi/jansi/1.4/ivys/ivy.xml
	local: resource not reachable for org.fusesource.jansi#jansi;1.4: res=/Users/phils/.ivy2/local/org.fusesource.jansi/jansi/1.4/ivys/ivy.xml
	 trying /Users/phils/.ivy2/local/org.fusesource.jansi/jansi/1.4/jars/jansi.jar
		tried /Users/phils/.ivy2/local/org.fusesource.jansi/jansi/1.4/jars/jansi.jar
	local: resource not reachable for org.fusesource.jansi#jansi;1.4: res=/Users/phils/.ivy2/local/org.fusesource.jansi/jansi/1.4/jars/jansi.jar
	local: no ivy file nor artifact found for org.fusesource.jansi#jansi;1.4
	no ivy file in cache for org.fusesource.jansi#jansi;1.4: tried /Users/phils/.ivy2/cache/org.fusesource.jansi/jansi/ivy-1.4.xml
	 trying file:///Users/phils/.m2/repository/org/fusesource/jansi/jansi/1.4/jansi-1.4.pom
		tried file:///Users/phils/.m2/repository/org/fusesource/jansi/jansi/1.4/jansi-1.4.pom
	Maven2 Local: resource not reachable for org/fusesource/jansi#jansi;1.4: res=file:/Users/phils/.m2/repository/org/fusesource/jansi/jansi/1.4/jansi-1.4.pom
	 trying file:///Users/phils/.m2/repository/org/fusesource/jansi/jansi/1.4/jansi-1.4.jar
		tried file:///Users/phils/.m2/repository/org/fusesource/jansi/jansi/1.4/jansi-1.4.jar
	Maven2 Local: resource not reachable for org/fusesource/jansi#jansi;1.4: res=file:/Users/phils/.m2/repository/org/fusesource/jansi/jansi/1.4/jansi-1.4.jar
	Maven2 Local: no ivy file nor artifact found for org.fusesource.jansi#jansi;1.4
	no ivy file in cache for org.fusesource.jansi#jansi;1.4: tried /Users/phils/.ivy2/cache/org.fusesource.jansi/jansi/ivy-1.4.xml
	 trying http://databinder.net/repo/org.fusesource.jansi/jansi/1.4/ivys/ivy.xml
		tried http://databinder.net/repo/org.fusesource.jansi/jansi/1.4/ivys/ivy.xml
HTTP response status: 404 url=http://databinder.net/repo/org.fusesource.jansi/jansi/1.4/ivys/ivy.xml
CLIENT ERROR: Not Found url=http://databinder.net/repo/org.fusesource.jansi/jansi/1.4/ivys/ivy.xml
	sbt-db: resource not reachable for org.fusesource.jansi#jansi;1.4: res=http://databinder.net/repo/org.fusesource.jansi/jansi/1.4/ivys/ivy.xml
	 trying http://databinder.net/repo/org.fusesource.jansi/jansi/1.4/jars/jansi.jar
		tried http://databinder.net/repo/org.fusesource.jansi/jansi/1.4/jars/jansi.jar
HTTP response status: 404 url=http://databinder.net/repo/org.fusesource.jansi/jansi/1.4/jars/jansi.jar
CLIENT ERROR: Not Found url=http://databinder.net/repo/org.fusesource.jansi/jansi/1.4/jars/jansi.jar
	sbt-db: resource not reachable for org.fusesource.jansi#jansi;1.4: res=http://databinder.net/repo/org.fusesource.jansi/jansi/1.4/jars/jansi.jar
	sbt-db: no ivy file nor artifact found for org.fusesource.jansi#jansi;1.4
	no ivy file in cache for org.fusesource.jansi#jansi;1.4: tried /Users/phils/.ivy2/cache/org.fusesource.jansi/jansi/ivy-1.4.xml
	 trying http://repo1.maven.org/maven2/org/fusesource/jansi/jansi/1.4/jansi-1.4.pom
		tried http://repo1.maven.org/maven2/org/fusesource/jansi/jansi/1.4/jansi-1.4.pom
	Maven Central: found md file for org.fusesource.jansi#jansi;1.4
		=> http://repo1.maven.org/maven2/org/fusesource/jansi/jansi/1.4/jansi-1.4.pom (1.4)
	parser = pom parser
	no ivy file in cache for org.fusesource.jansi#jansi;1.4: tried /Users/phils/.ivy2/cache/org.fusesource.jansi/jansi/ivy-1.4.xml
downloading http://repo1.maven.org/maven2/org/fusesource/jansi/jansi/1.4/jansi-1.4.pom ...
	Maven Central: downloading http://repo1.maven.org/maven2/org/fusesource/jansi/jansi/1.4/jansi-1.4.pom
		to /Users/phils/.ivy2/cache/org.fusesource.jansi/jansi/ivy-1.4.xml.original.part
	[SUCCESSFUL ] org.fusesource.jansi#jansi;1.4!jansi.pom(pom.original) (51ms)
	 trying /Users/phils/.ivy2/local/org.fusesource.jansi/jansi/1.4/jars/jansi.jar
		tried /Users/phils/.ivy2/local/org.fusesource.jansi/jansi/1.4/jars/jansi.jar
	local: resource not reachable for org.fusesource.jansi#jansi;1.4: res=/Users/phils/.ivy2/local/org.fusesource.jansi/jansi/1.4/jars/jansi.jar
	 trying file:///Users/phils/.m2/repository/org/fusesource/jansi/jansi/1.4/jansi-1.4.jar
		tried file:///Users/phils/.m2/repository/org/fusesource/jansi/jansi/1.4/jansi-1.4.jar
	Maven2 Local: resource not reachable for org/fusesource/jansi#jansi;1.4: res=file:/Users/phils/.m2/repository/org/fusesource/jansi/jansi/1.4/jansi-1.4.jar
	 trying http://databinder.net/repo/org.fusesource.jansi/jansi/1.4/jars/jansi.jar
		tried http://databinder.net/repo/org.fusesource.jansi/jansi/1.4/jars/jansi.jar
	sbt-db: resource not reachable for org.fusesource.jansi#jansi;1.4: res=http://databinder.net/repo/org.fusesource.jansi/jansi/1.4/jars/jansi.jar
	 trying http://repo1.maven.org/maven2/org/fusesource/jansi/jansi/1.4/jansi-1.4.jar
		tried http://repo1.maven.org/maven2/org/fusesource/jansi/jansi/1.4/jansi-1.4.jar
	 trying /Users/phils/.ivy2/local/org.fusesource.jansi/jansi/1.4/sources/jansi-sources.jar
		tried /Users/phils/.ivy2/local/org.fusesource.jansi/jansi/1.4/sources/jansi-sources.jar
	local: resource not reachable for org.fusesource.jansi#jansi;1.4: res=/Users/phils/.ivy2/local/org.fusesource.jansi/jansi/1.4/sources/jansi-sources.jar
	 trying file:///Users/phils/.m2/repository/org/fusesource/jansi/jansi/1.4/jansi-1.4-sources.jar
		tried file:///Users/phils/.m2/repository/org/fusesource/jansi/jansi/1.4/jansi-1.4-sources.jar
	Maven2 Local: resource not reachable for org/fusesource/jansi#jansi;1.4: res=file:/Users/phils/.m2/repository/org/fusesource/jansi/jansi/1.4/jansi-1.4-sources.jar
	 trying http://databinder.net/repo/org.fusesource.jansi/jansi/1.4/sources/jansi-sources.jar
		tried http://databinder.net/repo/org.fusesource.jansi/jansi/1.4/sources/jansi-sources.jar
HTTP response status: 404 url=http://databinder.net/repo/org.fusesource.jansi/jansi/1.4/sources/jansi-sources.jar
CLIENT ERROR: Not Found url=http://databinder.net/repo/org.fusesource.jansi/jansi/1.4/sources/jansi-sources.jar
	sbt-db: resource not reachable for org.fusesource.jansi#jansi;1.4: res=http://databinder.net/repo/org.fusesource.jansi/jansi/1.4/sources/jansi-sources.jar
	 trying http://repo1.maven.org/maven2/org/fusesource/jansi/jansi/1.4/jansi-1.4-sources.jar
		tried http://repo1.maven.org/maven2/org/fusesource/jansi/jansi/1.4/jansi-1.4-sources.jar
source artifact found for org.fusesource.jansi#jansi;1.4
	 trying /Users/phils/.ivy2/local/org.fusesource.jansi/jansi/1.4/javadocs/jansi-javadoc.jar
		tried /Users/phils/.ivy2/local/org.fusesource.jansi/jansi/1.4/javadocs/jansi-javadoc.jar
	local: resource not reachable for org.fusesource.jansi#jansi;1.4: res=/Users/phils/.ivy2/local/org.fusesource.jansi/jansi/1.4/javadocs/jansi-javadoc.jar
	 trying file:///Users/phils/.m2/repository/org/fusesource/jansi/jansi/1.4/jansi-1.4-javadoc.jar
		tried file:///Users/phils/.m2/repository/org/fusesource/jansi/jansi/1.4/jansi-1.4-javadoc.jar
	Maven2 Local: resource not reachable for org/fusesource/jansi#jansi;1.4: res=file:/Users/phils/.m2/repository/org/fusesource/jansi/jansi/1.4/jansi-1.4-javadoc.jar
	 trying http://databinder.net/repo/org.fusesource.jansi/jansi/1.4/javadocs/jansi-javadoc.jar
		tried http://databinder.net/repo/org.fusesource.jansi/jansi/1.4/javadocs/jansi-javadoc.jar
HTTP response status: 404 url=http://databinder.net/repo/org.fusesource.jansi/jansi/1.4/javadocs/jansi-javadoc.jar
CLIENT ERROR: Not Found url=http://databinder.net/repo/org.fusesource.jansi/jansi/1.4/javadocs/jansi-javadoc.jar
	sbt-db: resource not reachable for org.fusesource.jansi#jansi;1.4: res=http://databinder.net/repo/org.fusesource.jansi/jansi/1.4/javadocs/jansi-javadoc.jar
	 trying http://repo1.maven.org/maven2/org/fusesource/jansi/jansi/1.4/jansi-1.4-javadoc.jar
		tried http://repo1.maven.org/maven2/org/fusesource/jansi/jansi/1.4/jansi-1.4-javadoc.jar
javadoc artifact found for org.fusesource.jansi#jansi;1.4
	default-cache: parsed downloaded md file for org.fusesource.jansi#jansi;1.4; parsed=org.fusesource.jansi#jansi;1.4
	checking org.fusesource.jansi#jansi;1.4 from Maven Central against [none]
	module revision kept as first found: org.fusesource.jansi#jansi;1.4 from Maven Central
	found org.fusesource.jansi#jansi;1.4 in Maven Central
== resolving dependencies org.scala-lang#jline;2.9.2->org.fusesource.jansi#jansi;1.4 [compile->compile(*)]
loadData of org.fusesource.jansi#jansi;1.4 of rootConf=default
== resolving dependencies org.scala-tools.sbt#boot-scala;1.0->org.scala-lang#scala-library;2.9.2 [default->default]
loadData of org.scala-lang#scala-library;2.9.2 of rootConf=default
default is loaded and no conf to load.  Skip loading
== resolving dependencies org.scala-tools.sbt#boot-scala;1.0->org.scala-lang#scala-library;2.9.2 [default->runtime]
loadData of org.scala-lang#scala-library;2.9.2 of rootConf=default
default is loaded and no conf to load.  Skip loading
== resolving dependencies org.scala-tools.sbt#boot-scala;1.0->org.scala-lang#scala-library;2.9.2 [default->compile]
loadData of org.scala-lang#scala-library;2.9.2 of rootConf=default
default is loaded and no conf to load.  Skip loading
== resolving dependencies org.scala-tools.sbt#boot-scala;1.0->org.scala-lang#scala-library;2.9.2 [default->master]
loadData of org.scala-lang#scala-library;2.9.2 of rootConf=default
default is loaded and no conf to load.  Skip loading
Nbr of module to sort : 4
Sort dependencies of : org.scala-lang#scala-compiler;2.9.2 / Number of dependencies = 2
Sort dependencies of : org.scala-lang#scala-library;2.9.2 / Number of dependencies = 0
Sort done for : org.scala-lang#scala-library;2.9.2
Sort dependencies of : org.scala-lang#jline;2.9.2 / Number of dependencies = 1
Sort dependencies of : org.fusesource.jansi#jansi;1.4 / Number of dependencies = 1
Sort done for : org.fusesource.jansi#jansi;1.4
Sort done for : org.scala-lang#jline;2.9.2
Sort done for : org.scala-lang#scala-compiler;2.9.2
Module descriptor is processed : org.scala-lang#scala-library;2.9.2
Module descriptor is processed : org.scala-lang#jline;2.9.2
Module descriptor is processed : org.fusesource.jansi#jansi;1.4
	resolved ivy file produced in /Users/phils/.ivy2/cache/resolved-org.scala-tools.sbt-boot-scala-1.0.xml
:: downloading artifacts ::
	 trying http://repo1.maven.org/maven2/org/scala-lang/scala-compiler/2.9.2/scala-compiler-2.9.2.jar
		tried http://repo1.maven.org/maven2/org/scala-lang/scala-compiler/2.9.2/scala-compiler-2.9.2.jar
downloading http://repo1.maven.org/maven2/org/scala-lang/scala-compiler/2.9.2/scala-compiler-2.9.2.jar ...
	Maven Central: downloading http://repo1.maven.org/maven2/org/scala-lang/scala-compiler/2.9.2/scala-compiler-2.9.2.jar
		to /Users/phils/.ivy2/cache/org.scala-lang/scala-compiler/jars/scala-compiler-2.9.2.jar.part
	[SUCCESSFUL ] org.scala-lang#scala-compiler;2.9.2!scala-compiler.jar (2855ms)
	 trying http://repo1.maven.org/maven2/org/scala-lang/scala-library/2.9.2/scala-library-2.9.2.jar
		tried http://repo1.maven.org/maven2/org/scala-lang/scala-library/2.9.2/scala-library-2.9.2.jar
downloading http://repo1.maven.org/maven2/org/scala-lang/scala-library/2.9.2/scala-library-2.9.2.jar ...
	Maven Central: downloading http://repo1.maven.org/maven2/org/scala-lang/scala-library/2.9.2/scala-library-2.9.2.jar
		to /Users/phils/.ivy2/cache/org.scala-lang/scala-library/jars/scala-library-2.9.2.jar.part
	[SUCCESSFUL ] org.scala-lang#scala-library;2.9.2!scala-library.jar (2102ms)
	 trying http://repo1.maven.org/maven2/org/scala-lang/jline/2.9.2/jline-2.9.2.jar
		tried http://repo1.maven.org/maven2/org/scala-lang/jline/2.9.2/jline-2.9.2.jar
downloading http://repo1.maven.org/maven2/org/scala-lang/jline/2.9.2/jline-2.9.2.jar ...
	Maven Central: downloading http://repo1.maven.org/maven2/org/scala-lang/jline/2.9.2/jline-2.9.2.jar
		to /Users/phils/.ivy2/cache/org.scala-lang/jline/jars/jline-2.9.2.jar.part
	[SUCCESSFUL ] org.scala-lang#jline;2.9.2!jline.jar (123ms)
	 trying http://repo1.maven.org/maven2/org/fusesource/jansi/jansi/1.4/jansi-1.4.jar
		tried http://repo1.maven.org/maven2/org/fusesource/jansi/jansi/1.4/jansi-1.4.jar
downloading http://repo1.maven.org/maven2/org/fusesource/jansi/jansi/1.4/jansi-1.4.jar ...
	Maven Central: downloading http://repo1.maven.org/maven2/org/fusesource/jansi/jansi/1.4/jansi-1.4.jar
		to /Users/phils/.ivy2/cache/org.fusesource.jansi/jansi/jars/jansi-1.4.jar.part
	[SUCCESSFUL ] org.fusesource.jansi#jansi;1.4!jansi.jar (120ms)
:: resolution report :: resolve 3195ms :: artifacts dl 5205ms
Nbr of module to sort : 4
Sort dependencies of : org.scala-lang#scala-compiler;2.9.2 / Number of dependencies = 2
Sort dependencies of : org.scala-lang#scala-library;2.9.2 / Number of dependencies = 0
Sort done for : org.scala-lang#scala-library;2.9.2
Sort dependencies of : org.scala-lang#jline;2.9.2 / Number of dependencies = 1
Sort dependencies of : org.fusesource.jansi#jansi;1.4 / Number of dependencies = 1
Sort done for : org.fusesource.jansi#jansi;1.4
Sort done for : org.scala-lang#jline;2.9.2
Sort done for : org.scala-lang#scala-compiler;2.9.2
Module descriptor is processed : org.scala-lang#scala-library;2.9.2
Module descriptor is processed : org.scala-lang#jline;2.9.2
Module descriptor is processed : org.fusesource.jansi#jansi;1.4
	report for org.scala-tools.sbt#boot-scala;1.0 default produced in /Users/phils/.ivy2/cache/org.scala-tools.sbt-boot-scala-default.xml
	resolve done (3195ms resolve - 5205ms download)
:: retrieving :: org.scala-tools.sbt#boot-scala
	checkUpToDate=true
no explicit confs given for retrieve, using ivy file: /Users/phils/.ivy2/cache/resolved-org.scala-tools.sbt-boot-scala-1.0.xml
using ivy parser to parse /Users/phils/.ivy2/cache/resolved-org.scala-tools.sbt-boot-scala-1.0.xml
post 1.3 ivy file: using exact as default matcher
	confs: [default]
	retrieving /Users/phils/.ivy2/cache/org.fusesource.jansi/jansi/jars/jansi-1.4.jar
		to /Users/phils/idea_project/project/boot/scala-2.9.2/lib/jansi.jar
	retrieving /Users/phils/.ivy2/cache/org.scala-lang/scala-library/jars/scala-library-2.9.2.jar
		to /Users/phils/idea_project/project/boot/scala-2.9.2/lib/scala-library.jar
	retrieving /Users/phils/.ivy2/cache/org.scala-lang/jline/jars/jline-2.9.2.jar
		to /Users/phils/idea_project/project/boot/scala-2.9.2/lib/jline.jar
	retrieving /Users/phils/.ivy2/cache/org.scala-lang/scala-compiler/jars/scala-compiler-2.9.2.jar
		to /Users/phils/idea_project/project/boot/scala-2.9.2/lib/scala-compiler.jar
	4 artifacts copied, 0 already retrieved (20090kB/1366ms)
	retrieve done (1366ms)
